0 info it worked if it ends with ok
1 verbose cli [ '/usr/local/bin/node', '/usr/local/bin/npm', 'start' ]
2 info using npm@3.9.6
3 info using node@v4.4.4
4 verbose run-script [ 'prestart', 'start', 'poststart' ]
5 info lifecycle polyanno_example@0.0.1~prestart: polyanno_example@0.0.1
6 silly lifecycle polyanno_example@0.0.1~prestart: no script for prestart, continuing
7 info lifecycle polyanno_example@0.0.1~start: polyanno_example@0.0.1
8 verbose lifecycle polyanno_example@0.0.1~start: unsafe-perm in lifecycle true
9 verbose lifecycle polyanno_example@0.0.1~start: PATH: /usr/local/lib/node_modules/npm/bin/node-gyp-bin:/Users/erinnolan/Documents/Git/polyanno/examples/node_modules/.bin:/usr/local/bin:/usr/local/bin:/usr/bin:/bin:/usr/sbin:/sbin
10 verbose lifecycle polyanno_example@0.0.1~start: CWD: /Users/erinnolan/Documents/Git/polyanno/examples
11 silly lifecycle polyanno_example@0.0.1~start: Args: [ '-c', 'example_server.js' ]
12 info lifecycle polyanno_example@0.0.1~start: Failed to exec start script
13 verbose stack Error: polyanno_example@0.0.1 start: `example_server.js`
13 verbose stack spawn ENOENT
13 verbose stack     at ChildProcess.<anonymous> (/usr/local/lib/node_modules/npm/lib/utils/spawn.js:17:16)
13 verbose stack     at emitTwo (events.js:87:13)
13 verbose stack     at ChildProcess.emit (events.js:172:7)
13 verbose stack     at maybeClose (internal/child_process.js:827:16)
13 verbose stack     at Process.ChildProcess._handle.onexit (internal/child_process.js:211:5)
14 verbose pkgid polyanno_example@0.0.1
15 verbose cwd /Users/erinnolan/Documents/Git/polyanno/examples
16 error Darwin 15.5.0
17 error argv "/usr/local/bin/node" "/usr/local/bin/npm" "start"
18 error node v4.4.4
19 error npm  v3.9.6
20 error file sh
21 error code ELIFECYCLE
22 error errno ENOENT
23 error syscall spawn
24 error polyanno_example@0.0.1 start: `example_server.js`
24 error spawn ENOENT
25 error Failed at the polyanno_example@0.0.1 start script 'example_server.js'.
25 error Make sure you have the latest version of node.js and npm installed.
25 error If you do, this is most likely a problem with the polyanno_example package,
25 error not with npm itself.
25 error Tell the author that this fails on your system:
25 error     example_server.js
25 error You can get information on how to open an issue for this project with:
25 error     npm bugs polyanno_example
25 error Or if that isn't available, you can get their info via:
25 error     npm owner ls polyanno_example
25 error There is likely additional logging output above.
26 verbose exit [ 1, true ]
